22:14:26.084 [ERROR] [org.gradle.BuildExceptionReporter] 
22:14:26.089 [ERROR] [org.gradle.BuildExceptionReporter] FAILURE: Build failed with an exception.
22:14:26.090 [ERROR] [org.gradle.BuildExceptionReporter] 
22:14:26.092 [ERROR] [org.gradle.BuildExceptionReporter] * What went wrong:
22:14:26.093 [ERROR] [org.gradle.BuildExceptionReporter] Execution failed for task ':app:processDebugResources'.
22:14:26.094 [ERROR] [org.gradle.BuildExceptionReporter] > com.android.ide.common.process.ProcessException: org.gradle.process.internal.ExecException: Process 'command 'C:\Android\build-tools\24.0.2\aapt.exe'' finished with non-zero exit value 1
22:14:26.165 [ERROR] [org.gradle.BuildExceptionReporter] 
22:14:26.166 [ERROR] [org.gradle.BuildExceptionReporter] * Exception is:
22:14:26.203 [ERROR] [org.gradle.BuildExceptionReporter] org.gradle.api.tasks.TaskExecutionException: Execution failed for task ':app:processDebugResources'.
22:14:26.204 [ERROR] [org.gradle.BuildExceptionReporter] 	at org.gradle.api.internal.tasks.execution.ExecuteActionsTaskExecuter.executeActions(ExecuteActionsTaskExecuter.java:69)
22:14:26.204 [ERROR] [org.gradle.BuildExceptionReporter] 	at org.gradle.api.internal.tasks.execution.ExecuteActionsTaskExecuter.execute(ExecuteActionsTaskExecuter.java:46)
22:14:26.205 [ERROR] [org.gradle.BuildExceptionReporter] 	at org.gradle.api.internal.tasks.execution.PostExecutionAnalysisTaskExecuter.execute(PostExecutionAnalysisTaskExecuter.java:35)
22:14:26.206 [ERROR] [org.gradle.BuildExceptionReporter] 	at org.gradle.api.internal.tasks.execution.SkipUpToDateTaskExecuter.execute(SkipUpToDateTaskExecuter.java:66)
22:14:26.206 [ERROR] [org.gradle.BuildExceptionReporter] 	at org.gradle.api.internal.tasks.execution.ValidatingTaskExecuter.execute(ValidatingTaskExecuter.java:58)
22:14:26.207 [ERROR] [org.gradle.BuildExceptionReporter] 	at org.gradle.api.internal.tasks.execution.SkipEmptySourceFilesTaskExecuter.execute(SkipEmptySourceFilesTaskExecuter.java:52)
22:14:26.208 [ERROR] [org.gradle.BuildExceptionReporter] 	at org.gradle.api.internal.tasks.execution.SkipTaskWithNoActionsExecuter.execute(SkipTaskWithNoActionsExecuter.java:52)
22:14:26.208 [ERROR] [org.gradle.BuildExceptionReporter] 	at org.gradle.api.internal.tasks.execution.SkipOnlyIfTaskExecuter.execute(SkipOnlyIfTaskExecuter.java:53)
22:14:26.209 [ERROR] [org.gradle.BuildExceptionReporter] 	at org.gradle.api.internal.tasks.execution.ExecuteAtMostOnceTaskExecuter.execute(ExecuteAtMostOnceTaskExecuter.java:43)
22:14:26.209 [ERROR] [org.gradle.BuildExceptionReporter] 	at org.gradle.execution.taskgraph.DefaultTaskGraphExecuter$EventFiringTaskWorker.execute(DefaultTaskGraphExecuter.java:203)
22:14:26.210 [ERROR] [org.gradle.BuildExceptionReporter] 	at org.gradle.execution.taskgraph.DefaultTaskGraphExecuter$EventFiringTaskWorker.execute(DefaultTaskGraphExecuter.java:185)
22:14:26.210 [ERROR] [org.gradle.BuildExceptionReporter] 	at org.gradle.execution.taskgraph.AbstractTaskPlanExecutor$TaskExecutorWorker.processTask(AbstractTaskPlanExecutor.java:66)
22:14:26.211 [ERROR] [org.gradle.BuildExceptionReporter] 	at org.gradle.execution.taskgraph.AbstractTaskPlanExecutor$TaskExecutorWorker.run(AbstractTaskPlanExecutor.java:50)
22:14:26.211 [ERROR] [org.gradle.BuildExceptionReporter] 	at org.gradle.execution.taskgraph.DefaultTaskPlanExecutor.process(DefaultTaskPlanExecutor.java:25)
22:14:26.212 [ERROR] [org.gradle.BuildExceptionReporter] 	at org.gradle.execution.taskgraph.DefaultTaskGraphExecuter.execute(DefaultTaskGraphExecuter.java:110)
22:14:26.212 [ERROR] [org.gradle.BuildExceptionReporter] 	at org.gradle.execution.SelectedTaskExecutionAction.execute(SelectedTaskExecutionAction.java:37)
22:14:26.213 [ERROR] [org.gradle.BuildExceptionReporter] 	at org.gradle.execution.DefaultBuildExecuter.execute(DefaultBuildExecuter.java:37)
22:14:26.213 [ERROR] [org.gradle.BuildExceptionReporter] 	at org.gradle.execution.DefaultBuildExecuter.access$000(DefaultBuildExecuter.java:23)
22:14:26.213 [ERROR] [org.gradle.BuildExceptionReporter] 	at org.gradle.execution.DefaultBuildExecuter$1.proceed(DefaultBuildExecuter.java:43)
22:14:26.214 [ERROR] [org.gradle.BuildExceptionReporter] 	at org.gradle.execution.DryRunBuildExecutionAction.execute(DryRunBuildExecutionAction.java:32)
22:14:26.215 [ERROR] [org.gradle.BuildExceptionReporter] 	at org.gradle.execution.DefaultBuildExecuter.execute(DefaultBuildExecuter.java:37)
22:14:26.215 [ERROR] [org.gradle.BuildExceptionReporter] 	at org.gradle.execution.DefaultBuildExecuter.execute(DefaultBuildExecuter.java:30)
22:14:26.215 [ERROR] [org.gradle.BuildExceptionReporter] 	at org.gradle.initialization.DefaultGradleLauncher$4.run(DefaultGradleLauncher.java:153)
22:14:26.216 [ERROR] [org.gradle.BuildExceptionReporter] 	at org.gradle.internal.Factories$1.create(Factories.java:22)
22:14:26.216 [ERROR] [org.gradle.BuildExceptionReporter] 	at org.gradle.internal.progress.DefaultBuildOperationExecutor.run(DefaultBuildOperationExecutor.java:91)
22:14:26.217 [ERROR] [org.gradle.BuildExceptionReporter] 	at org.gradle.internal.progress.DefaultBuildOperationExecutor.run(DefaultBuildOperationExecutor.java:53)
22:14:26.217 [ERROR] [org.gradle.BuildExceptionReporter] 	at org.gradle.initialization.DefaultGradleLauncher.doBuildStages(DefaultGradleLauncher.java:150)
22:14:26.218 [ERROR] [org.gradle.BuildExceptionReporter] 	at org.gradle.initialization.DefaultGradleLauncher.access$200(DefaultGradleLauncher.java:32)
22:14:26.218 [ERROR] [org.gradle.BuildExceptionReporter] 	at org.gradle.initialization.DefaultGradleLauncher$1.create(DefaultGradleLauncher.java:98)
22:14:26.218 [ERROR] [org.gradle.BuildExceptionReporter] 	at org.gradle.initialization.DefaultGradleLauncher$1.create(DefaultGradleLauncher.java:92)
22:14:26.219 [ERROR] [org.gradle.BuildExceptionReporter] 	at org.gradle.internal.progress.DefaultBuildOperationExecutor.run(DefaultBuildOperationExecutor.java:91)
22:14:26.219 [ERROR] [org.gradle.BuildExceptionReporter] 	at org.gradle.internal.progress.DefaultBuildOperationExecutor.run(DefaultBuildOperationExecutor.java:63)
22:14:26.220 [ERROR] [org.gradle.BuildExceptionReporter] 	at org.gradle.initialization.DefaultGradleLauncher.doBuild(DefaultGradleLauncher.java:92)
22:14:26.220 [ERROR] [org.gradle.BuildExceptionReporter] 	at org.gradle.initialization.DefaultGradleLauncher.run(DefaultGradleLauncher.java:83)
22:14:26.221 [ERROR] [org.gradle.BuildExceptionReporter] 	at org.gradle.launcher.exec.InProcessBuildActionExecuter$DefaultBuildController.run(InProcessBuildActionExecuter.java:99)
22:14:26.221 [ERROR] [org.gradle.BuildExceptionReporter] 	at org.gradle.tooling.internal.provider.ExecuteBuildActionRunner.run(ExecuteBuildActionRunner.java:28)
22:14:26.221 [ERROR] [org.gradle.BuildExceptionReporter] 	at org.gradle.launcher.exec.ChainingBuildActionRunner.run(ChainingBuildActionRunner.java:35)
22:14:26.222 [ERROR] [org.gradle.BuildExceptionReporter] 	at org.gradle.launcher.exec.InProcessBuildActionExecuter.execute(InProcessBuildActionExecuter.java:48)
22:14:26.222 [ERROR] [org.gradle.BuildExceptionReporter] 	at org.gradle.launcher.exec.InProcessBuildActionExecuter.execute(InProcessBuildActionExecuter.java:30)
22:14:26.223 [ERROR] [org.gradle.BuildExceptionReporter] 	at org.gradle.launcher.exec.ContinuousBuildActionExecuter.execute(ContinuousBuildActionExecuter.java:81)
22:14:26.223 [ERROR] [org.gradle.BuildExceptionReporter] 	at org.gradle.launcher.exec.ContinuousBuildActionExecuter.execute(ContinuousBuildActionExecuter.java:46)
22:14:26.224 [ERROR] [org.gradle.BuildExceptionReporter] 	at org.gradle.launcher.exec.DaemonUsageSuggestingBuildActionExecuter.execute(DaemonUsageSuggestingBuildActionExecuter.java:51)
22:14:26.224 [ERROR] [org.gradle.BuildExceptionReporter] 	at org.gradle.launcher.exec.DaemonUsageSuggestingBuildActionExecuter.execute(DaemonUsageSuggestingBuildActionExecuter.java:28)
22:14:26.225 [ERROR] [org.gradle.BuildExceptionReporter] 	at org.gradle.launcher.cli.RunBuildAction.run(RunBuildAction.java:43)
22:14:26.225 [ERROR] [org.gradle.BuildExceptionReporter] 	at org.gradle.internal.Actions$RunnableActionAdapter.execute(Actions.java:173)
22:14:26.226 [ERROR] [org.gradle.BuildExceptionReporter] 	at org.gradle.launcher.cli.CommandLineActionFactory$ParseAndBuildAction.execute(CommandLineActionFactory.java:239)
22:14:26.227 [ERROR] [org.gradle.BuildExceptionReporter] 	at org.gradle.launcher.cli.CommandLineActionFactory$ParseAndBuildAction.execute(CommandLineActionFactory.java:212)
22:14:26.227 [ERROR] [org.gradle.BuildExceptionReporter] 	at org.gradle.launcher.cli.JavaRuntimeValidationAction.execute(JavaRuntimeValidationAction.java:35)
22:14:26.227 [ERROR] [org.gradle.BuildExceptionReporter] 	at org.gradle.launcher.cli.JavaRuntimeValidationAction.execute(JavaRuntimeValidationAction.java:24)
22:14:26.227 [ERROR] [org.gradle.BuildExceptionReporter] 	at org.gradle.launcher.cli.ExceptionReportingAction.execute(ExceptionReportingAction.java:33)
22:14:26.228 [ERROR] [org.gradle.BuildExceptionReporter] 	at org.gradle.launcher.cli.ExceptionReportingAction.execute(ExceptionReportingAction.java:22)
22:14:26.228 [ERROR] [org.gradle.BuildExceptionReporter] 	at org.gradle.launcher.cli.CommandLineActionFactory$WithLogging.execute(CommandLineActionFactory.java:205)
22:14:26.229 [ERROR] [org.gradle.BuildExceptionReporter] 	at org.gradle.launcher.cli.CommandLineActionFactory$WithLogging.execute(CommandLineActionFactory.java:169)
22:14:26.229 [ERROR] [org.gradle.BuildExceptionReporter] 	at org.gradle.launcher.Main.doAction(Main.java:33)
22:14:26.229 [ERROR] [org.gradle.BuildExceptionReporter] 	at org.gradle.launcher.bootstrap.EntryPoint.run(EntryPoint.java:45)
22:14:26.230 [ERROR] [org.gradle.BuildExceptionReporter] 	at org.gradle.launcher.bootstrap.ProcessBootstrap.runNoExit(ProcessBootstrap.java:55)
22:14:26.230 [ERROR] [org.gradle.BuildExceptionReporter] 	at org.gradle.launcher.bootstrap.ProcessBootstrap.run(ProcessBootstrap.java:36)
22:14:26.231 [ERROR] [org.gradle.BuildExceptionReporter] 	at org.gradle.launcher.GradleMain.main(GradleMain.java:23)
22:14:26.231 [ERROR] [org.gradle.BuildExceptionReporter] 	at org.gradle.wrapper.BootstrapMainStarter.start(BootstrapMainStarter.java:33)
22:14:26.231 [ERROR] [org.gradle.BuildExceptionReporter] 	at org.gradle.wrapper.WrapperExecutor.execute(WrapperExecutor.java:130)
22:14:26.231 [ERROR] [org.gradle.BuildExceptionReporter] 	at org.gradle.wrapper.GradleWrapperMain.main(GradleWrapperMain.java:48)
22:14:26.232 [ERROR] [org.gradle.BuildExceptionReporter] Caused by: java.lang.RuntimeException: com.android.ide.common.process.ProcessException: org.gradle.process.internal.ExecException: Process 'command 'C:\Android\build-tools\24.0.2\aapt.exe'' finished with non-zero exit value 1
22:14:26.232 [ERROR] [org.gradle.BuildExceptionReporter] 	at com.android.build.gradle.tasks.ProcessAndroidResources.doFullTaskAction(ProcessAndroidResources.java:207)
22:14:26.233 [ERROR] [org.gradle.BuildExceptionReporter] 	at com.android.build.gradle.internal.tasks.IncrementalTask.taskAction(IncrementalTask.java:82)
22:14:26.234 [ERROR] [org.gradle.BuildExceptionReporter] 	at org.gradle.internal.reflect.JavaMethod.invoke(JavaMethod.java:75)
22:14:26.234 [ERROR] [org.gradle.BuildExceptionReporter] 	at org.gradle.api.internal.project.taskfactory.AnnotationProcessingTaskFactory$IncrementalTaskAction.doExecute(AnnotationProcessingTaskFactory.java:245)
22:14:26.235 [ERROR] [org.gradle.BuildExceptionReporter] 	at org.gradle.api.internal.project.taskfactory.AnnotationProcessingTaskFactory$StandardTaskAction.execute(AnnotationProcessingTaskFactory.java:221)
22:14:26.235 [ERROR] [org.gradle.BuildExceptionReporter] 	at org.gradle.api.internal.project.taskfactory.AnnotationProcessingTaskFactory$IncrementalTaskAction.execute(AnnotationProcessingTaskFactory.java:232)
22:14:26.236 [ERROR] [org.gradle.BuildExceptionReporter] 	at org.gradle.api.internal.project.taskfactory.AnnotationProcessingTaskFactory$StandardTaskAction.execute(AnnotationProcessingTaskFactory.java:210)
22:14:26.236 [ERROR] [org.gradle.BuildExceptionReporter] 	at org.gradle.api.internal.tasks.execution.ExecuteActionsTaskExecuter.executeAction(ExecuteActionsTaskExecuter.java:80)
22:14:26.237 [ERROR] [org.gradle.BuildExceptionReporter] 	at org.gradle.api.internal.tasks.execution.ExecuteActionsTaskExecuter.executeActions(ExecuteActionsTaskExecuter.java:61)
22:14:26.237 [ERROR] [org.gradle.BuildExceptionReporter] 	... 60 more
22:14:26.238 [ERROR] [org.gradle.BuildExceptionReporter] Caused by: com.android.ide.common.process.ProcessException: org.gradle.process.internal.ExecException: Process 'command 'C:\Android\build-tools\24.0.2\aapt.exe'' finished with non-zero exit value 1
22:14:26.238 [ERROR] [org.gradle.BuildExceptionReporter] 	at com.android.build.gradle.internal.process.GradleProcessResult.assertNormalExitValue(GradleProcessResult.java:43)
22:14:26.239 [ERROR] [org.gradle.BuildExceptionReporter] 	at com.android.builder.core.AndroidBuilder.processResources(AndroidBuilder.java:983)
22:14:26.240 [ERROR] [org.gradle.BuildExceptionReporter] 	at com.android.build.gradle.tasks.ProcessAndroidResources.doFullTaskAction(ProcessAndroidResources.java:163)
22:14:26.244 [ERROR] [org.gradle.BuildExceptionReporter] 	... 68 more
22:14:26.245 [ERROR] [org.gradle.BuildExceptionReporter] Caused by: org.gradle.process.internal.ExecException: Process 'command 'C:\Android\build-tools\24.0.2\aapt.exe'' finished with non-zero exit value 1
22:14:26.246 [ERROR] [org.gradle.BuildExceptionReporter] 	at org.gradle.process.internal.DefaultExecHandle$ExecResultImpl.assertNormalExitValue(DefaultExecHandle.java:367)
22:14:26.247 [ERROR] [org.gradle.BuildExceptionReporter] 	at com.android.build.gradle.internal.process.GradleProcessResult.assertNormalExitValue(GradleProcessResult.java:41)
22:14:26.247 [ERROR] [org.gradle.BuildExceptionReporter] 	... 70 more
22:14:26.248 [ERROR] [org.gradle.BuildExceptionReporter] 
